#! /c/Source/iverilog-install/bin/vvp
:ivl_version "12.0 (devel)" "(s20150603-1539-g2693dd32b)";
:ivl_delay_selection "TYPICAL";
:vpi_time_precision + 0;
:vpi_module "C:\iverilog\lib\ivl\system.vpi";
:vpi_module "C:\iverilog\lib\ivl\vhdl_sys.vpi";
:vpi_module "C:\iverilog\lib\ivl\vhdl_textio.vpi";
:vpi_module "C:\iverilog\lib\ivl\v2005_math.vpi";
:vpi_module "C:\iverilog\lib\ivl\va_math.vpi";
:vpi_module "C:\iverilog\lib\ivl\v2009.vpi";
S_0000016d80e725a0 .scope package, "$unit" "$unit" 2 1;
 .timescale 0 0;
S_0000016d80e72730 .scope module, "alu" "alu" 3 1;
 .timescale 0 0;
    .port_info 0 /INPUT 4 "A";
    .port_info 1 /INPUT 4 "B";
    .port_info 2 /INPUT 3 "opcode";
    .port_info 3 /OUTPUT 4 "result";
    .port_info 4 /OUTPUT 1 "carry";
o0000016d80ea6f98 .functor BUFZ 4, C4<zzzz>; HiZ drive
v0000016d80e72be0_0 .net "A", 3 0, o0000016d80ea6f98;  0 drivers
o0000016d80ea6fc8 .functor BUFZ 4, C4<zzzz>; HiZ drive
v0000016d80e1b880_0 .net "B", 3 0, o0000016d80ea6fc8;  0 drivers
v0000016d80e1b920_0 .var "carry", 0 0;
o0000016d80ea7028 .functor BUFZ 3, C4<zzz>; HiZ drive
v0000016d80e1b9c0_0 .net "opcode", 2 0, o0000016d80ea7028;  0 drivers
v0000016d80e1ba60_0 .var "result", 3 0;
E_0000016d80e1ca20 .event anyedge, v0000016d80e1b9c0_0, v0000016d80e72be0_0, v0000016d80e1b880_0;
    .scope S_0000016d80e72730;
T_0 ;
    %wait E_0000016d80e1ca20;
    %load/vec4 v0000016d80e1b9c0_0;
    %dup/vec4;
    %pushi/vec4 0, 0, 3;
    %cmp/u;
    %jmp/1 T_0.0, 6;
    %dup/vec4;
    %pushi/vec4 1, 0, 3;
    %cmp/u;
    %jmp/1 T_0.1, 6;
    %dup/vec4;
    %pushi/vec4 2, 0, 3;
    %cmp/u;
    %jmp/1 T_0.2, 6;
    %dup/vec4;
    %pushi/vec4 3, 0, 3;
    %cmp/u;
    %jmp/1 T_0.3, 6;
    %dup/vec4;
    %pushi/vec4 4, 0, 3;
    %cmp/u;
    %jmp/1 T_0.4, 6;
    %dup/vec4;
    %pushi/vec4 5, 0, 3;
    %cmp/u;
    %jmp/1 T_0.5, 6;
    %dup/vec4;
    %pushi/vec4 6, 0, 3;
    %cmp/u;
    %jmp/1 T_0.6, 6;
    %pushi/vec4 0, 0, 4;
    %store/vec4 v0000016d80e1ba60_0, 0, 4;
    %jmp T_0.8;
T_0.0 ;
    %load/vec4 v0000016d80e72be0_0;
    %pad/u 5;
    %load/vec4 v0000016d80e1b880_0;
    %pad/u 5;
    %add;
    %split/vec4 4;
    %store/vec4 v0000016d80e1ba60_0, 0, 4;
    %store/vec4 v0000016d80e1b920_0, 0, 1;
    %jmp T_0.8;
T_0.1 ;
    %load/vec4 v0000016d80e72be0_0;
    %pad/u 5;
    %load/vec4 v0000016d80e1b880_0;
    %pad/u 5;
    %sub;
    %split/vec4 4;
    %store/vec4 v0000016d80e1ba60_0, 0, 4;
    %store/vec4 v0000016d80e1b920_0, 0, 1;
    %jmp T_0.8;
T_0.2 ;
    %load/vec4 v0000016d80e72be0_0;
    %load/vec4 v0000016d80e1b880_0;
    %and;
    %store/vec4 v0000016d80e1ba60_0, 0, 4;
    %jmp T_0.8;
T_0.3 ;
    %load/vec4 v0000016d80e72be0_0;
    %load/vec4 v0000016d80e1b880_0;
    %or;
    %store/vec4 v0000016d80e1ba60_0, 0, 4;
    %jmp T_0.8;
T_0.4 ;
    %load/vec4 v0000016d80e72be0_0;
    %load/vec4 v0000016d80e1b880_0;
    %xor;
    %store/vec4 v0000016d80e1ba60_0, 0, 4;
    %jmp T_0.8;
T_0.5 ;
    %load/vec4 v0000016d80e72be0_0;
    %ix/load 4, 1, 0;
    %flag_set/imm 4, 0;
    %shiftl 4;
    %store/vec4 v0000016d80e1ba60_0, 0, 4;
    %jmp T_0.8;
T_0.6 ;
    %load/vec4 v0000016d80e72be0_0;
    %ix/load 4, 1, 0;
    %flag_set/imm 4, 0;
    %shiftr 4;
    %store/vec4 v0000016d80e1ba60_0, 0, 4;
    %jmp T_0.8;
T_0.8 ;
    %pop/vec4 1;
    %jmp T_0;
    .thread T_0, $push;
# The file index is used to find the file name in the following table.
:file_names 4;
    "N/A";
    "<interactive>";
    "-";
    "alu.v";
