#! /c/Source/iverilog-install/bin/vvp
:ivl_version "12.0 (devel)" "(s20150603-1539-g2693dd32b)";
:ivl_delay_selection "TYPICAL";
:vpi_time_precision - 12;
:vpi_module "C:\iverilog\lib\ivl\system.vpi";
:vpi_module "C:\iverilog\lib\ivl\vhdl_sys.vpi";
:vpi_module "C:\iverilog\lib\ivl\vhdl_textio.vpi";
:vpi_module "C:\iverilog\lib\ivl\v2005_math.vpi";
:vpi_module "C:\iverilog\lib\ivl\va_math.vpi";
:vpi_module "C:\iverilog\lib\ivl\v2009.vpi";
S_00000209f6fd25a0 .scope package, "$unit" "$unit" 2 1;
 .timescale 0 0;
S_00000209f6fd2730 .scope module, "alu_tb" "alu_tb" 3 2;
 .timescale -9 -12;
v00000209f7017240_0 .var "A", 3 0;
v00000209f70172e0_0 .var "B", 3 0;
v00000209f70045d0_0 .net "carry", 0 0, v00000209f7017060_0;  1 drivers
v00000209f7004670_0 .var "opcode", 2 0;
v00000209f7004710_0 .net "result", 3 0, v00000209f70171a0_0;  1 drivers
S_00000209f6ff9fa0 .scope module, "uut" "alu" 3 9, 4 1 0, S_00000209f6fd2730;
 .timescale -9 -12;
    .port_info 0 /INPUT 4 "A";
    .port_info 1 /INPUT 4 "B";
    .port_info 2 /INPUT 3 "opcode";
    .port_info 3 /OUTPUT 4 "result";
    .port_info 4 /OUTPUT 1 "carry";
v00000209f6ff8db0_0 .net "A", 3 0, v00000209f7017240_0;  1 drivers
v00000209f7016fc0_0 .net "B", 3 0, v00000209f70172e0_0;  1 drivers
v00000209f7017060_0 .var "carry", 0 0;
v00000209f7017100_0 .net "opcode", 2 0, v00000209f7004670_0;  1 drivers
v00000209f70171a0_0 .var "result", 3 0;
E_00000209f6ff81a0 .event anyedge, v00000209f7017100_0, v00000209f6ff8db0_0, v00000209f7016fc0_0;
    .scope S_00000209f6ff9fa0;
T_0 ;
    %wait E_00000209f6ff81a0;
    %load/vec4 v00000209f7017100_0;
    %dup/vec4;
    %pushi/vec4 0, 0, 3;
    %cmp/u;
    %jmp/1 T_0.0, 6;
    %dup/vec4;
    %pushi/vec4 1, 0, 3;
    %cmp/u;
    %jmp/1 T_0.1, 6;
    %dup/vec4;
    %pushi/vec4 2, 0, 3;
    %cmp/u;
    %jmp/1 T_0.2, 6;
    %dup/vec4;
    %pushi/vec4 3, 0, 3;
    %cmp/u;
    %jmp/1 T_0.3, 6;
    %dup/vec4;
    %pushi/vec4 4, 0, 3;
    %cmp/u;
    %jmp/1 T_0.4, 6;
    %dup/vec4;
    %pushi/vec4 5, 0, 3;
    %cmp/u;
    %jmp/1 T_0.5, 6;
    %dup/vec4;
    %pushi/vec4 6, 0, 3;
    %cmp/u;
    %jmp/1 T_0.6, 6;
    %pushi/vec4 0, 0, 4;
    %store/vec4 v00000209f70171a0_0, 0, 4;
    %jmp T_0.8;
T_0.0 ;
    %load/vec4 v00000209f6ff8db0_0;
    %pad/u 5;
    %load/vec4 v00000209f7016fc0_0;
    %pad/u 5;
    %add;
    %split/vec4 4;
    %store/vec4 v00000209f70171a0_0, 0, 4;
    %store/vec4 v00000209f7017060_0, 0, 1;
    %jmp T_0.8;
T_0.1 ;
    %load/vec4 v00000209f6ff8db0_0;
    %pad/u 5;
    %load/vec4 v00000209f7016fc0_0;
    %pad/u 5;
    %sub;
    %split/vec4 4;
    %store/vec4 v00000209f70171a0_0, 0, 4;
    %store/vec4 v00000209f7017060_0, 0, 1;
    %jmp T_0.8;
T_0.2 ;
    %load/vec4 v00000209f6ff8db0_0;
    %load/vec4 v00000209f7016fc0_0;
    %and;
    %store/vec4 v00000209f70171a0_0, 0, 4;
    %jmp T_0.8;
T_0.3 ;
    %load/vec4 v00000209f6ff8db0_0;
    %load/vec4 v00000209f7016fc0_0;
    %or;
    %store/vec4 v00000209f70171a0_0, 0, 4;
    %jmp T_0.8;
T_0.4 ;
    %load/vec4 v00000209f6ff8db0_0;
    %load/vec4 v00000209f7016fc0_0;
    %xor;
    %store/vec4 v00000209f70171a0_0, 0, 4;
    %jmp T_0.8;
T_0.5 ;
    %load/vec4 v00000209f6ff8db0_0;
    %ix/load 4, 1, 0;
    %flag_set/imm 4, 0;
    %shiftl 4;
    %store/vec4 v00000209f70171a0_0, 0, 4;
    %jmp T_0.8;
T_0.6 ;
    %load/vec4 v00000209f6ff8db0_0;
    %ix/load 4, 1, 0;
    %flag_set/imm 4, 0;
    %shiftr 4;
    %store/vec4 v00000209f70171a0_0, 0, 4;
    %jmp T_0.8;
T_0.8 ;
    %pop/vec4 1;
    %jmp T_0;
    .thread T_0, $push;
    .scope S_00000209f6fd2730;
T_1 ;
    %vpi_call/w 3 18 "$dumpfile", "alu.vcd" {0 0 0};
    %vpi_call/w 3 19 "$dumpvars", 32'sb00000000000000000000000000000000, S_00000209f6fd2730 {0 0 0};
    %pushi/vec4 4, 0, 4;
    %store/vec4 v00000209f7017240_0, 0, 4;
    %pushi/vec4 3, 0, 4;
    %store/vec4 v00000209f70172e0_0, 0, 4;
    %pushi/vec4 0, 0, 3;
    %store/vec4 v00000209f7004670_0, 0, 3;
    %delay 10000, 0;
    %pushi/vec4 7, 0, 4;
    %store/vec4 v00000209f7017240_0, 0, 4;
    %pushi/vec4 2, 0, 4;
    %store/vec4 v00000209f70172e0_0, 0, 4;
    %pushi/vec4 1, 0, 3;
    %store/vec4 v00000209f7004670_0, 0, 3;
    %delay 10000, 0;
    %pushi/vec4 5, 0, 4;
    %store/vec4 v00000209f7017240_0, 0, 4;
    %pushi/vec4 3, 0, 4;
    %store/vec4 v00000209f70172e0_0, 0, 4;
    %pushi/vec4 2, 0, 3;
    %store/vec4 v00000209f7004670_0, 0, 3;
    %delay 10000, 0;
    %pushi/vec4 5, 0, 4;
    %store/vec4 v00000209f7017240_0, 0, 4;
    %pushi/vec4 2, 0, 4;
    %store/vec4 v00000209f70172e0_0, 0, 4;
    %pushi/vec4 3, 0, 3;
    %store/vec4 v00000209f7004670_0, 0, 3;
    %delay 10000, 0;
    %pushi/vec4 5, 0, 4;
    %store/vec4 v00000209f7017240_0, 0, 4;
    %pushi/vec4 3, 0, 4;
    %store/vec4 v00000209f70172e0_0, 0, 4;
    %pushi/vec4 4, 0, 3;
    %store/vec4 v00000209f7004670_0, 0, 3;
    %delay 10000, 0;
    %pushi/vec4 3, 0, 4;
    %store/vec4 v00000209f7017240_0, 0, 4;
    %pushi/vec4 5, 0, 3;
    %store/vec4 v00000209f7004670_0, 0, 3;
    %delay 10000, 0;
    %pushi/vec4 8, 0, 4;
    %store/vec4 v00000209f7017240_0, 0, 4;
    %pushi/vec4 6, 0, 3;
    %store/vec4 v00000209f7004670_0, 0, 3;
    %delay 10000, 0;
    %vpi_call/w 3 36 "$finish" {0 0 0};
    %end;
    .thread T_1;
# The file index is used to find the file name in the following table.
:file_names 5;
    "N/A";
    "<interactive>";
    "-";
    "alu_tb.v";
    "./alu.v";
